2020-04-27 00:01:42,197 INFO PERFORMANCE:|6|3|-1|-1

2020-04-27 00:06:42,203 INFO PERFORMANCE:|6|3|-1|-1

2020-04-27 00:11:42,212 INFO PERFORMANCE:|6|3|-1|-1

2020-04-27 00:16:42,267 INFO PERFORMANCE:|6|3|-1|-1

2020-04-27 00:21:42,284 INFO PERFORMANCE:|6|3|-1|-1

2020-04-27 00:26:42,298 INFO PERFORMANCE:|6|3|-1|-1

2020-04-27 00:31:42,311 INFO PERFORMANCE:|6|3|-1|-1

2020-04-27 00:36:42,326 INFO PERFORMANCE:|6|3|-1|-1

2020-04-27 00:41:42,374 INFO PERFORMANCE:|6|3|-1|-1

2020-04-27 00:46:42,387 INFO PERFORMANCE:|6|3|-1|-1

2020-04-27 00:51:42,407 INFO PERFORMANCE:|6|3|-1|-1

2020-04-27 00:56:42,422 INFO PERFORMANCE:|6|3|-1|-1

2020-04-27 01:01:42,465 INFO PERFORMANCE:|6|3|-1|-1

2020-04-27 01:06:42,484 INFO PERFORMANCE:|6|3|-1|-1

2020-04-27 01:11:42,504 INFO PERFORMANCE:|6|3|-1|-1

2020-04-27 01:16:42,518 INFO PERFORMANCE:|6|3|-1|-1

2020-04-27 01:21:42,544 INFO PERFORMANCE:|6|3|-1|-1

2020-04-27 01:26:42,558 INFO PERFORMANCE:|6|3|-1|-1

2020-04-27 01:31:42,578 INFO PERFORMANCE:|6|3|-1|-1

2020-04-27 01:36:42,630 INFO PERFORMANCE:|6|3|-1|-1

2020-04-27 01:41:42,645 INFO PERFORMANCE:|6|3|-1|-1

2020-04-27 01:46:42,659 INFO PERFORMANCE:|6|3|-1|-1

2020-04-27 01:51:42,674 INFO PERFORMANCE:|6|3|-1|-1

2020-04-27 01:56:42,720 INFO PERFORMANCE:|6|3|-1|-1

