2020-05-18 00:03:11,150 INFO [capacityManagement] start correct usage

2020-05-18 00:03:11,164 INFO [capacityManagement] end correct usage, cost: 0s

2020-05-18 00:03:11,544 WARN clearConfigHistory start

2020-05-18 00:13:11,215 INFO [capacityManagement] start correct usage

2020-05-18 00:13:11,220 INFO [capacityManagement] end correct usage, cost: 0s

2020-05-18 00:13:11,605 WARN clearConfigHistory start

2020-05-18 00:23:11,243 INFO [capacityManagement] start correct usage

2020-05-18 00:23:11,247 INFO [capacityManagement] end correct usage, cost: 0s

2020-05-18 00:23:11,634 WARN clearConfigHistory start

2020-05-18 00:29:11,402 INFO Starting Nacos v1.1.4 on matthewdeMacBook-Air.local with PID 52823 (/Users/matthew/IdeaProjects/SpringCloud-Learning/nacos/target/nacos-server.jar started by matthew in /Users/matthew/IdeaProjects/SpringCloud-Learning/nacos/bin)

2020-05-18 00:29:11,405 INFO The following profiles are active: standalone

2020-05-18 00:29:17,549 INFO Bean 'org.springframework.security.config.annotation.configuration.ObjectPostProcessorConfiguration' of type [org.springframework.security.config.annotation.configuration.ObjectPostProcessorConfiguration$$EnhancerBySpringCGLIB$$8514d306] is not eligible for getting processed by all BeanPostProcessors (for example: not eligible for auto-proxying)

2020-05-18 00:29:17,844 INFO Bean 'objectPostProcessor' of type [org.springframework.security.config.annotation.configuration.AutowireBeanFactoryObjectPostProcessor] is not eligible for getting processed by all BeanPostProcessors (for example: not eligible for auto-proxying)

2020-05-18 00:29:17,852 INFO Bean 'org.springframework.security.access.expression.method.DefaultMethodSecurityExpressionHandler@35841320' of type [org.springframework.security.access.expression.method.DefaultMethodSecurityExpressionHandler] is not eligible for getting processed by all BeanPostProcessors (for example: not eligible for auto-proxying)

2020-05-18 00:29:17,859 INFO Bean 'org.springframework.security.config.annotation.method.configuration.GlobalMethodSecurityConfiguration' of type [org.springframework.security.config.annotation.method.configuration.GlobalMethodSecurityConfiguration$$EnhancerBySpringCGLIB$$a9e975b8] is not eligible for getting processed by all BeanPostProcessors (for example: not eligible for auto-proxying)

2020-05-18 00:29:17,878 INFO Bean 'methodSecurityMetadataSource' of type [org.springframework.security.access.method.DelegatingMethodSecurityMetadataSource] is not eligible for getting processed by all BeanPostProcessors (for example: not eligible for auto-proxying)

2020-05-18 00:29:20,123 INFO Tomcat initialized with port(s): 8848 (http)

2020-05-18 00:29:20,275 INFO Starting service [Tomcat]

2020-05-18 00:29:20,275 INFO Starting Servlet Engine: Apache Tomcat/9.0.13

2020-05-18 00:29:20,304 INFO The APR based Apache Tomcat Native library which allows optimal performance in production environments was not found on the java.library.path: [/Users/matthew/Library/Java/Extensions:/Library/Java/Extensions:/Network/Library/Java/Extensions:/System/Library/Java/Extensions:/usr/lib/java:.]

2020-05-18 00:29:20,596 INFO Initializing Spring embedded WebApplicationContext

2020-05-18 00:29:20,599 INFO Root WebApplicationContext: initialization completed in 9101 ms

2020-05-18 00:29:22,856 INFO Use Mysql as the driver

2020-05-18 00:29:26,726 INFO Initializing ExecutorService 'applicationTaskExecutor'

2020-05-18 00:29:27,113 INFO Adding welcome page: class path resource [static/index.html]

2020-05-18 00:29:27,882 INFO Creating filter chain: Ant [pattern='/'], []

2020-05-18 00:29:27,883 INFO Creating filter chain: Ant [pattern='/**/*.css'], []

2020-05-18 00:29:27,883 INFO Creating filter chain: Ant [pattern='/**/*.js'], []

2020-05-18 00:29:27,883 INFO Creating filter chain: Ant [pattern='/**/*.html'], []

2020-05-18 00:29:27,883 INFO Creating filter chain: Ant [pattern='/**/*.map'], []

2020-05-18 00:29:27,883 INFO Creating filter chain: Ant [pattern='/**/*.svg'], []

2020-05-18 00:29:27,883 INFO Creating filter chain: Ant [pattern='/**/*.png'], []

2020-05-18 00:29:27,883 INFO Creating filter chain: Ant [pattern='/**/*.ico'], []

2020-05-18 00:29:27,884 INFO Creating filter chain: Ant [pattern='/console-fe/public/**'], []

2020-05-18 00:29:27,884 INFO Creating filter chain: Ant [pattern='/v1/auth/login'], []

2020-05-18 00:29:27,884 INFO Creating filter chain: Ant [pattern='/v1/console/health/**'], []

2020-05-18 00:29:27,884 INFO Creating filter chain: Ant [pattern='/v1/cs/**'], []

2020-05-18 00:29:27,884 INFO Creating filter chain: Ant [pattern='/v1/ns/**'], []

2020-05-18 00:29:27,885 INFO Creating filter chain: Ant [pattern='/v1/cmdb/**'], []

2020-05-18 00:29:27,885 INFO Creating filter chain: Ant [pattern='/actuator/**'], []

2020-05-18 00:29:27,885 INFO Creating filter chain: Ant [pattern='/v1/console/server/**'], []

2020-05-18 00:29:27,950 INFO Creating filter chain: any request, [org.springframework.security.web.context.request.async.WebAsyncManagerIntegrationFilter@57ac5227, org.springframework.security.web.context.SecurityContextPersistenceFilter@14d14731, org.springframework.security.web.header.HeaderWriterFilter@5a85c92, org.springframework.security.web.authentication.logout.LogoutFilter@3f07b12c, com.alibaba.nacos.console.filter.JwtAuthenticationTokenFilter@4ba302e0, org.springframework.security.web.savedrequest.RequestCacheAwareFilter@47c4ecdc, org.springframework.security.web.servletapi.SecurityContextHolderAwareRequestFilter@4b7e96a, org.springframework.security.web.authentication.AnonymousAuthenticationFilter@e98770d, org.springframework.security.web.session.SessionManagementFilter@4795ded0, org.springframework.security.web.access.ExceptionTranslationFilter@32c8e539, org.springframework.security.web.access.intercept.FilterSecurityInterceptor@33aeca0b]

2020-05-18 00:29:28,125 INFO Exposing 2 endpoint(s) beneath base path '/actuator'

2020-05-18 00:29:28,182 INFO Initializing ExecutorService 'taskScheduler'

2020-05-18 00:29:28,305 ERROR Failed to start component [Connector[HTTP/1.1-8848]]

org.apache.catalina.LifecycleException: Protocol handler start failed
	at org.apache.catalina.connector.Connector.startInternal(Connector.java:1001)
	at org.apache.catalina.util.LifecycleBase.start(LifecycleBase.java:183)
	at org.apache.catalina.core.StandardService.addConnector(StandardService.java:225)
	at org.springframework.boot.web.embedded.tomcat.TomcatWebServer.addPreviouslyRemovedConnectors(TomcatWebServer.java:259)
	at org.springframework.boot.web.embedded.tomcat.TomcatWebServer.start(TomcatWebServer.java:197)
	at org.springframework.boot.web.servlet.context.ServletWebServerApplicationContext.startWebServer(ServletWebServerApplicationContext.java:311)
	at org.springframework.boot.web.servlet.context.ServletWebServerApplicationContext.finishRefresh(ServletWebServerApplicationContext.java:164)
	at org.springframework.context.support.AbstractApplicationContext.refresh(AbstractApplicationContext.java:549)
	at org.springframework.boot.web.servlet.context.ServletWebServerApplicationContext.refresh(ServletWebServerApplicationContext.java:142)
	at org.springframework.boot.SpringApplication.refresh(SpringApplication.java:775)
	at org.springframework.boot.SpringApplication.refreshContext(SpringApplication.java:397)
	at org.springframework.boot.SpringApplication.run(SpringApplication.java:316)
	at org.springframework.boot.SpringApplication.run(SpringApplication.java:1260)
	at org.springframework.boot.SpringApplication.run(SpringApplication.java:1248)
	at com.alibaba.nacos.Nacos.main(Nacos.java:33)
	at sun.reflect.NativeMethodAccessorImpl.invoke0(Native Method)
	at sun.reflect.NativeMethodAccessorImpl.invoke(NativeMethodAccessorImpl.java:62)
	at sun.reflect.DelegatingMethodAccessorImpl.invoke(DelegatingMethodAccessorImpl.java:43)
	at java.lang.reflect.Method.invoke(Method.java:498)
	at org.springframework.boot.loader.MainMethodRunner.run(MainMethodRunner.java:48)
	at org.springframework.boot.loader.Launcher.launch(Launcher.java:87)
	at org.springframework.boot.loader.Launcher.launch(Launcher.java:50)
	at org.springframework.boot.loader.PropertiesLauncher.main(PropertiesLauncher.java:593)
Caused by: java.net.BindException: Address already in use
	at sun.nio.ch.Net.bind0(Native Method)
	at sun.nio.ch.Net.bind(Net.java:433)
	at sun.nio.ch.Net.bind(Net.java:425)
	at sun.nio.ch.ServerSocketChannelImpl.bind(ServerSocketChannelImpl.java:223)
	at sun.nio.ch.ServerSocketAdaptor.bind(ServerSocketAdaptor.java:74)
	at org.apache.tomcat.util.net.NioEndpoint.initServerSocket(NioEndpoint.java:236)
	at org.apache.tomcat.util.net.NioEndpoint.bind(NioEndpoint.java:210)
	at org.apache.tomcat.util.net.AbstractEndpoint.bindWithCleanup(AbstractEndpoint.java:1067)
	at org.apache.tomcat.util.net.AbstractEndpoint.start(AbstractEndpoint.java:1149)
	at org.apache.coyote.AbstractProtocol.start(AbstractProtocol.java:561)
	at org.apache.catalina.connector.Connector.startInternal(Connector.java:998)
	... 22 common frames omitted
2020-05-18 00:29:28,336 INFO Stopping service [Tomcat]

2020-05-18 00:29:28,340 WARN The web application [nacos] appears to have started a thread named [com.alibaba.nacos.naming.timer] but has failed to stop it. This is very likely to create a memory leak. Stack trace of thread:
 sun.misc.Unsafe.park(Native Method)
 java.util.concurrent.locks.LockSupport.park(LockSupport.java:175)
 java.util.concurrent.locks.AbstractQueuedSynchronizer$ConditionObject.await(AbstractQueuedSynchronizer.java:2039)
 java.util.concurrent.ScheduledThreadPoolExecutor$DelayedWorkQueue.take(ScheduledThreadPoolExecutor.java:1088)
 java.util.concurrent.ScheduledThreadPoolExecutor$DelayedWorkQueue.take(ScheduledThreadPoolExecutor.java:809)
 java.util.concurrent.ThreadPoolExecutor.getTask(ThreadPoolExecutor.java:1074)
 java.util.concurrent.ThreadPoolExecutor.runWorker(ThreadPoolExecutor.java:1134)
 java.util.concurrent.ThreadPoolExecutor$Worker.run(ThreadPoolExecutor.java:624)
 java.lang.Thread.run(Thread.java:748)

2020-05-18 00:29:28,341 WARN The web application [nacos] appears to have started a thread named [nacos.naming.status.worker] but has failed to stop it. This is very likely to create a memory leak. Stack trace of thread:
 sun.misc.Unsafe.park(Native Method)
 java.util.concurrent.locks.LockSupport.parkNanos(LockSupport.java:215)
 java.util.concurrent.locks.AbstractQueuedSynchronizer$ConditionObject.awaitNanos(AbstractQueuedSynchronizer.java:2078)
 java.util.concurrent.ScheduledThreadPoolExecutor$DelayedWorkQueue.take(ScheduledThreadPoolExecutor.java:1093)
 java.util.concurrent.ScheduledThreadPoolExecutor$DelayedWorkQueue.take(ScheduledThreadPoolExecutor.java:809)
 java.util.concurrent.ThreadPoolExecutor.getTask(ThreadPoolExecutor.java:1074)
 java.util.concurrent.ThreadPoolExecutor.runWorker(ThreadPoolExecutor.java:1134)
 java.util.concurrent.ThreadPoolExecutor$Worker.run(ThreadPoolExecutor.java:624)
 java.lang.Thread.run(Thread.java:748)

2020-05-18 00:29:28,342 WARN The web application [nacos] appears to have started a thread named [com.alibaba.nacos.naming.raft.notifier] but has failed to stop it. This is very likely to create a memory leak. Stack trace of thread:
 sun.misc.Unsafe.park(Native Method)
 java.util.concurrent.locks.LockSupport.park(LockSupport.java:175)
 java.util.concurrent.locks.AbstractQueuedSynchronizer$ConditionObject.await(AbstractQueuedSynchronizer.java:2039)
 java.util.concurrent.LinkedBlockingQueue.take(LinkedBlockingQueue.java:442)
 com.alibaba.nacos.naming.consistency.persistent.raft.RaftCore$Notifier.run(RaftCore.java:940)
 java.util.concurrent.Executors$RunnableAdapter.call(Executors.java:511)
 java.util.concurrent.FutureTask.run(FutureTask.java:266)
 java.util.concurrent.ScheduledThreadPoolExecutor$ScheduledFutureTask.access$201(ScheduledThreadPoolExecutor.java:180)
 java.util.concurrent.ScheduledThreadPoolExecutor$ScheduledFutureTask.run(ScheduledThreadPoolExecutor.java:293)
 java.util.concurrent.ThreadPoolExecutor.runWorker(ThreadPoolExecutor.java:1149)
 java.util.concurrent.ThreadPoolExecutor$Worker.run(ThreadPoolExecutor.java:624)
 java.lang.Thread.run(Thread.java:748)

2020-05-18 00:29:28,343 WARN The web application [nacos] appears to have started a thread named [com.alibaba.nacos.naming.timer] but has failed to stop it. This is very likely to create a memory leak. Stack trace of thread:
 sun.misc.Unsafe.park(Native Method)
 java.util.concurrent.locks.LockSupport.park(LockSupport.java:175)
 java.util.concurrent.locks.AbstractQueuedSynchronizer$ConditionObject.await(AbstractQueuedSynchronizer.java:2039)
 java.util.concurrent.ScheduledThreadPoolExecutor$DelayedWorkQueue.take(ScheduledThreadPoolExecutor.java:1088)
 java.util.concurrent.ScheduledThreadPoolExecutor$DelayedWorkQueue.take(ScheduledThreadPoolExecutor.java:809)
 java.util.concurrent.ThreadPoolExecutor.getTask(ThreadPoolExecutor.java:1074)
 java.util.concurrent.ThreadPoolExecutor.runWorker(ThreadPoolExecutor.java:1134)
 java.util.concurrent.ThreadPoolExecutor$Worker.run(ThreadPoolExecutor.java:624)
 java.lang.Thread.run(Thread.java:748)

2020-05-18 00:29:28,343 WARN The web application [nacos] appears to have started a thread named [com.alibaba.nacos.naming.timer] but has failed to stop it. This is very likely to create a memory leak. Stack trace of thread:
 sun.misc.Unsafe.park(Native Method)
 java.util.concurrent.locks.LockSupport.parkNanos(LockSupport.java:215)
 java.util.concurrent.locks.AbstractQueuedSynchronizer$ConditionObject.awaitNanos(AbstractQueuedSynchronizer.java:2078)
 java.util.concurrent.ScheduledThreadPoolExecutor$DelayedWorkQueue.take(ScheduledThreadPoolExecutor.java:1093)
 java.util.concurrent.ScheduledThreadPoolExecutor$DelayedWorkQueue.take(ScheduledThreadPoolExecutor.java:809)
 java.util.concurrent.ThreadPoolExecutor.getTask(ThreadPoolExecutor.java:1074)
 java.util.concurrent.ThreadPoolExecutor.runWorker(ThreadPoolExecutor.java:1134)
 java.util.concurrent.ThreadPoolExecutor$Worker.run(ThreadPoolExecutor.java:624)
 java.lang.Thread.run(Thread.java:748)

2020-05-18 00:29:28,344 WARN The web application [nacos] appears to have started a thread named [com.alibaba.nacos.naming.server.list.notifier] but has failed to stop it. This is very likely to create a memory leak. Stack trace of thread:
 sun.misc.Unsafe.park(Native Method)
 java.util.concurrent.locks.LockSupport.park(LockSupport.java:175)
 java.util.concurrent.locks.AbstractQueuedSynchronizer$ConditionObject.await(AbstractQueuedSynchronizer.java:2039)
 java.util.concurrent.ScheduledThreadPoolExecutor$DelayedWorkQueue.take(ScheduledThreadPoolExecutor.java:1081)
 java.util.concurrent.ScheduledThreadPoolExecutor$DelayedWorkQueue.take(ScheduledThreadPoolExecutor.java:809)
 java.util.concurrent.ThreadPoolExecutor.getTask(ThreadPoolExecutor.java:1074)
 java.util.concurrent.ThreadPoolExecutor.runWorker(ThreadPoolExecutor.java:1134)
 java.util.concurrent.ThreadPoolExecutor$Worker.run(ThreadPoolExecutor.java:624)
 java.lang.Thread.run(Thread.java:748)

2020-05-18 00:29:28,345 WARN The web application [nacos] appears to have started a thread named [com.alibaba.nacos.naming.timer] but has failed to stop it. This is very likely to create a memory leak. Stack trace of thread:
 sun.misc.Unsafe.park(Native Method)
 java.util.concurrent.locks.LockSupport.park(LockSupport.java:175)
 java.util.concurrent.locks.AbstractQueuedSynchronizer$ConditionObject.await(AbstractQueuedSynchronizer.java:2039)
 java.util.concurrent.ScheduledThreadPoolExecutor$DelayedWorkQueue.take(ScheduledThreadPoolExecutor.java:1088)
 java.util.concurrent.ScheduledThreadPoolExecutor$DelayedWorkQueue.take(ScheduledThreadPoolExecutor.java:809)
 java.util.concurrent.ThreadPoolExecutor.getTask(ThreadPoolExecutor.java:1074)
 java.util.concurrent.ThreadPoolExecutor.runWorker(ThreadPoolExecutor.java:1134)
 java.util.concurrent.ThreadPoolExecutor$Worker.run(ThreadPoolExecutor.java:624)
 java.lang.Thread.run(Thread.java:748)

2020-05-18 00:29:28,346 WARN The web application [nacos] appears to have started a thread named [com.alibaba.nacos.naming.distro.data.syncer] but has failed to stop it. This is very likely to create a memory leak. Stack trace of thread:
 sun.misc.Unsafe.park(Native Method)
 java.util.concurrent.locks.LockSupport.parkNanos(LockSupport.java:215)
 java.util.concurrent.locks.AbstractQueuedSynchronizer$ConditionObject.awaitNanos(AbstractQueuedSynchronizer.java:2078)
 java.util.concurrent.ScheduledThreadPoolExecutor$DelayedWorkQueue.take(ScheduledThreadPoolExecutor.java:1093)
 java.util.concurrent.ScheduledThreadPoolExecutor$DelayedWorkQueue.take(ScheduledThreadPoolExecutor.java:809)
 java.util.concurrent.ThreadPoolExecutor.getTask(ThreadPoolExecutor.java:1074)
 java.util.concurrent.ThreadPoolExecutor.runWorker(ThreadPoolExecutor.java:1134)
 java.util.concurrent.ThreadPoolExecutor$Worker.run(ThreadPoolExecutor.java:624)
 java.lang.Thread.run(Thread.java:748)

2020-05-18 00:29:28,346 WARN The web application [nacos] appears to have started a thread named [com.alibaba.nacos.naming.distro.task.dispatcher] but has failed to stop it. This is very likely to create a memory leak. Stack trace of thread:
 sun.misc.Unsafe.park(Native Method)
 java.util.concurrent.locks.LockSupport.parkNanos(LockSupport.java:215)
 java.util.concurrent.locks.AbstractQueuedSynchronizer$ConditionObject.awaitNanos(AbstractQueuedSynchronizer.java:2078)
 java.util.concurrent.LinkedBlockingQueue.poll(LinkedBlockingQueue.java:467)
 com.alibaba.nacos.naming.consistency.ephemeral.distro.TaskDispatcher$TaskScheduler.run(TaskDispatcher.java:94)
 java.util.concurrent.Executors$RunnableAdapter.call(Executors.java:511)
 java.util.concurrent.FutureTask.run(FutureTask.java:266)
 java.util.concurrent.ScheduledThreadPoolExecutor$ScheduledFutureTask.access$201(ScheduledThreadPoolExecutor.java:180)
 java.util.concurrent.ScheduledThreadPoolExecutor$ScheduledFutureTask.run(ScheduledThreadPoolExecutor.java:293)
 java.util.concurrent.ThreadPoolExecutor.runWorker(ThreadPoolExecutor.java:1149)
 java.util.concurrent.ThreadPoolExecutor$Worker.run(ThreadPoolExecutor.java:624)
 java.lang.Thread.run(Thread.java:748)

2020-05-18 00:29:28,347 WARN The web application [nacos] appears to have started a thread named [com.alibaba.nacos.naming.distro.task.dispatcher] but has failed to stop it. This is very likely to create a memory leak. Stack trace of thread:
 sun.misc.Unsafe.park(Native Method)
 java.util.concurrent.locks.LockSupport.parkNanos(LockSupport.java:215)
 java.util.concurrent.locks.AbstractQueuedSynchronizer$ConditionObject.awaitNanos(AbstractQueuedSynchronizer.java:2078)
 java.util.concurrent.LinkedBlockingQueue.poll(LinkedBlockingQueue.java:467)
 com.alibaba.nacos.naming.consistency.ephemeral.distro.TaskDispatcher$TaskScheduler.run(TaskDispatcher.java:94)
 java.util.concurrent.Executors$RunnableAdapter.call(Executors.java:511)
 java.util.concurrent.FutureTask.run(FutureTask.java:266)
 java.util.concurrent.ScheduledThreadPoolExecutor$ScheduledFutureTask.access$201(ScheduledThreadPoolExecutor.java:180)
 java.util.concurrent.ScheduledThreadPoolExecutor$ScheduledFutureTask.run(ScheduledThreadPoolExecutor.java:293)
 java.util.concurrent.ThreadPoolExecutor.runWorker(ThreadPoolExecutor.java:1149)
 java.util.concurrent.ThreadPoolExecutor$Worker.run(ThreadPoolExecutor.java:624)
 java.lang.Thread.run(Thread.java:748)

2020-05-18 00:29:28,348 WARN The web application [nacos] appears to have started a thread named [com.alibaba.nacos.naming.distro.task.dispatcher] but has failed to stop it. This is very likely to create a memory leak. Stack trace of thread:
 sun.misc.Unsafe.park(Native Method)
 java.util.concurrent.locks.LockSupport.parkNanos(LockSupport.java:215)
 java.util.concurrent.locks.AbstractQueuedSynchronizer$ConditionObject.awaitNanos(AbstractQueuedSynchronizer.java:2078)
 java.util.concurrent.LinkedBlockingQueue.poll(LinkedBlockingQueue.java:467)
 com.alibaba.nacos.naming.consistency.ephemeral.distro.TaskDispatcher$TaskScheduler.run(TaskDispatcher.java:94)
 java.util.concurrent.Executors$RunnableAdapter.call(Executors.java:511)
 java.util.concurrent.FutureTask.run(FutureTask.java:266)
 java.util.concurrent.ScheduledThreadPoolExecutor$ScheduledFutureTask.access$201(ScheduledThreadPoolExecutor.java:180)
 java.util.concurrent.ScheduledThreadPoolExecutor$ScheduledFutureTask.run(ScheduledThreadPoolExecutor.java:293)
 java.util.concurrent.ThreadPoolExecutor.runWorker(ThreadPoolExecutor.java:1149)
 java.util.concurrent.ThreadPoolExecutor$Worker.run(ThreadPoolExecutor.java:624)
 java.lang.Thread.run(Thread.java:748)

2020-05-18 00:29:28,348 WARN The web application [nacos] appears to have started a thread named [com.alibaba.nacos.naming.distro.task.dispatcher] but has failed to stop it. This is very likely to create a memory leak. Stack trace of thread:
 sun.misc.Unsafe.park(Native Method)
 java.util.concurrent.locks.LockSupport.parkNanos(LockSupport.java:215)
 java.util.concurrent.locks.AbstractQueuedSynchronizer$ConditionObject.awaitNanos(AbstractQueuedSynchronizer.java:2078)
 java.util.concurrent.LinkedBlockingQueue.poll(LinkedBlockingQueue.java:467)
 com.alibaba.nacos.naming.consistency.ephemeral.distro.TaskDispatcher$TaskScheduler.run(TaskDispatcher.java:94)
 java.util.concurrent.Executors$RunnableAdapter.call(Executors.java:511)
 java.util.concurrent.FutureTask.run(FutureTask.java:266)
 java.util.concurrent.ScheduledThreadPoolExecutor$ScheduledFutureTask.access$201(ScheduledThreadPoolExecutor.java:180)
 java.util.concurrent.ScheduledThreadPoolExecutor$ScheduledFutureTask.run(ScheduledThreadPoolExecutor.java:293)
 java.util.concurrent.ThreadPoolExecutor.runWorker(ThreadPoolExecutor.java:1149)
 java.util.concurrent.ThreadPoolExecutor$Worker.run(ThreadPoolExecutor.java:624)
 java.lang.Thread.run(Thread.java:748)

2020-05-18 00:29:28,351 WARN The web application [nacos] appears to have started a thread named [com.alibaba.nacos.naming.distro.notifier] but has failed to stop it. This is very likely to create a memory leak. Stack trace of thread:
 sun.misc.Unsafe.park(Native Method)
 java.util.concurrent.locks.LockSupport.park(LockSupport.java:175)
 java.util.concurrent.locks.AbstractQueuedSynchronizer$ConditionObject.await(AbstractQueuedSynchronizer.java:2039)
 java.util.concurrent.LinkedBlockingQueue.take(LinkedBlockingQueue.java:442)
 com.alibaba.nacos.naming.consistency.ephemeral.distro.DistroConsistencyServiceImpl$Notifier.run(DistroConsistencyServiceImpl.java:385)
 java.util.concurrent.Executors$RunnableAdapter.call(Executors.java:511)
 java.util.concurrent.FutureTask.run(FutureTask.java:266)
 java.util.concurrent.ScheduledThreadPoolExecutor$ScheduledFutureTask.access$201(ScheduledThreadPoolExecutor.java:180)
 java.util.concurrent.ScheduledThreadPoolExecutor$ScheduledFutureTask.run(ScheduledThreadPoolExecutor.java:293)
 java.util.concurrent.ThreadPoolExecutor.runWorker(ThreadPoolExecutor.java:1149)
 java.util.concurrent.ThreadPoolExecutor$Worker.run(ThreadPoolExecutor.java:624)
 java.lang.Thread.run(Thread.java:748)

2020-05-18 00:29:28,352 WARN The web application [nacos] appears to have started a thread named [com.alibaba.nacos.naming.push.receiver] but has failed to stop it. This is very likely to create a memory leak. Stack trace of thread:
 java.net.PlainDatagramSocketImpl.receive0(Native Method)
 java.net.AbstractPlainDatagramSocketImpl.receive(AbstractPlainDatagramSocketImpl.java:143)
 java.net.DatagramSocket.receive(DatagramSocket.java:812)
 com.alibaba.nacos.naming.push.PushService$Receiver.run(PushService.java:626)
 java.lang.Thread.run(Thread.java:748)

2020-05-18 00:29:28,353 WARN The web application [nacos] appears to have started a thread named [com.alibaba.nacos.naming.push.retransmitter] but has failed to stop it. This is very likely to create a memory leak. Stack trace of thread:
 sun.misc.Unsafe.park(Native Method)
 java.util.concurrent.locks.LockSupport.parkNanos(LockSupport.java:215)
 java.util.concurrent.locks.AbstractQueuedSynchronizer$ConditionObject.awaitNanos(AbstractQueuedSynchronizer.java:2078)
 java.util.concurrent.ScheduledThreadPoolExecutor$DelayedWorkQueue.take(ScheduledThreadPoolExecutor.java:1093)
 java.util.concurrent.ScheduledThreadPoolExecutor$DelayedWorkQueue.take(ScheduledThreadPoolExecutor.java:809)
 java.util.concurrent.ThreadPoolExecutor.getTask(ThreadPoolExecutor.java:1074)
 java.util.concurrent.ThreadPoolExecutor.runWorker(ThreadPoolExecutor.java:1134)
 java.util.concurrent.ThreadPoolExecutor$Worker.run(ThreadPoolExecutor.java:624)
 java.lang.Thread.run(Thread.java:748)

2020-05-18 00:29:28,353 WARN The web application [nacos] appears to have started a thread named [nacos.naming.service.worker] but has failed to stop it. This is very likely to create a memory leak. Stack trace of thread:
 sun.misc.Unsafe.park(Native Method)
 java.util.concurrent.locks.LockSupport.parkNanos(LockSupport.java:215)
 java.util.concurrent.locks.AbstractQueuedSynchronizer$ConditionObject.awaitNanos(AbstractQueuedSynchronizer.java:2078)
 java.util.concurrent.ScheduledThreadPoolExecutor$DelayedWorkQueue.take(ScheduledThreadPoolExecutor.java:1093)
 java.util.concurrent.ScheduledThreadPoolExecutor$DelayedWorkQueue.take(ScheduledThreadPoolExecutor.java:809)
 java.util.concurrent.ThreadPoolExecutor.getTask(ThreadPoolExecutor.java:1074)
 java.util.concurrent.ThreadPoolExecutor.runWorker(ThreadPoolExecutor.java:1134)
 java.util.concurrent.ThreadPoolExecutor$Worker.run(ThreadPoolExecutor.java:624)
 java.lang.Thread.run(Thread.java:748)

2020-05-18 00:29:28,354 WARN The web application [nacos] appears to have started a thread named [nacos.naming.service.update.processor] but has failed to stop it. This is very likely to create a memory leak. Stack trace of thread:
 sun.misc.Unsafe.park(Native Method)
 java.util.concurrent.locks.LockSupport.park(LockSupport.java:175)
 java.util.concurrent.locks.AbstractQueuedSynchronizer$ConditionObject.await(AbstractQueuedSynchronizer.java:2039)
 java.util.concurrent.LinkedBlockingDeque.takeFirst(LinkedBlockingDeque.java:492)
 java.util.concurrent.LinkedBlockingDeque.take(LinkedBlockingDeque.java:680)
 com.alibaba.nacos.naming.core.ServiceManager$UpdatedServiceProcessor.run(ServiceManager.java:199)
 java.util.concurrent.Executors$RunnableAdapter.call(Executors.java:511)
 java.util.concurrent.FutureTask.run(FutureTask.java:266)
 java.util.concurrent.ScheduledThreadPoolExecutor$ScheduledFutureTask.access$201(ScheduledThreadPoolExecutor.java:180)
 java.util.concurrent.ScheduledThreadPoolExecutor$ScheduledFutureTask.run(ScheduledThreadPoolExecutor.java:293)
 java.util.concurrent.ThreadPoolExecutor.runWorker(ThreadPoolExecutor.java:1149)
 java.util.concurrent.ThreadPoolExecutor$Worker.run(ThreadPoolExecutor.java:624)
 java.lang.Thread.run(Thread.java:748)

2020-05-18 00:29:28,355 WARN The web application [nacos] appears to have started a thread named [com.alibaba.nacos.naming.distro.data.syncer] but has failed to stop it. This is very likely to create a memory leak. Stack trace of thread:
 sun.misc.Unsafe.park(Native Method)
 java.util.concurrent.locks.LockSupport.park(LockSupport.java:175)
 java.util.concurrent.locks.AbstractQueuedSynchronizer$ConditionObject.await(AbstractQueuedSynchronizer.java:2039)
 java.util.concurrent.ScheduledThreadPoolExecutor$DelayedWorkQueue.take(ScheduledThreadPoolExecutor.java:1088)
 java.util.concurrent.ScheduledThreadPoolExecutor$DelayedWorkQueue.take(ScheduledThreadPoolExecutor.java:809)
 java.util.concurrent.ThreadPoolExecutor.getTask(ThreadPoolExecutor.java:1074)
 java.util.concurrent.ThreadPoolExecutor.runWorker(ThreadPoolExecutor.java:1134)
 java.util.concurrent.ThreadPoolExecutor$Worker.run(ThreadPoolExecutor.java:624)
 java.lang.Thread.run(Thread.java:748)

2020-05-18 00:29:28,369 INFO Nacos Log files: /Users/matthew/IdeaProjects/SpringCloud-Learning/nacos/logs/

2020-05-18 00:29:28,369 INFO Nacos Conf files: /Users/matthew/IdeaProjects/SpringCloud-Learning/nacos/conf/

2020-05-18 00:29:28,370 INFO Nacos Data files: /Users/matthew/IdeaProjects/SpringCloud-Learning/nacos/data/

2020-05-18 00:29:28,370 ERROR Nacos failed to start, please see /Users/matthew/IdeaProjects/SpringCloud-Learning/nacos/logs/nacos.log for more details.

2020-05-18 00:29:28,371 INFO 

Error starting ApplicationContext. To display the conditions report re-run your application with 'debug' enabled.

2020-05-18 00:29:28,375 ERROR 

***************************
APPLICATION FAILED TO START
***************************

Description:

The Tomcat connector configured to listen on port 8848 failed to start. The port may already be in use or the connector may be misconfigured.

Action:

Verify the connector's configuration, identify and stop any process that's listening on port 8848, or configure this application to listen on another port.


2020-05-18 00:29:28,381 INFO Shutting down ExecutorService 'taskScheduler'

2020-05-18 00:29:28,385 INFO Shutting down ExecutorService 'applicationTaskExecutor'

2020-05-18 00:33:11,299 INFO [capacityManagement] start correct usage

2020-05-18 00:33:11,308 INFO [capacityManagement] end correct usage, cost: 0s

2020-05-18 00:33:11,690 WARN clearConfigHistory start

2020-05-18 00:39:25,988 WARN clearConfigHistory start

2020-05-18 00:39:26,050 WARN clearConfigHistory, getBeforeStamp:2020-04-18 00:39:25.0, totalCount:1, pageSize:1000, removeTime:1

2020-05-18 00:43:11,331 INFO [capacityManagement] start correct usage

2020-05-18 00:43:11,340 INFO [capacityManagement] end correct usage, cost: 0s

2020-05-18 00:43:11,715 WARN clearConfigHistory start

2020-05-18 00:49:26,085 WARN clearConfigHistory start

2020-05-18 00:53:11,391 INFO [capacityManagement] start correct usage

2020-05-18 00:53:11,399 INFO [capacityManagement] end correct usage, cost: 0s

2020-05-18 00:53:11,782 WARN clearConfigHistory start

2020-05-18 00:59:26,142 WARN clearConfigHistory start

2020-05-18 01:03:11,419 INFO [capacityManagement] start correct usage

2020-05-18 01:03:11,424 INFO [capacityManagement] end correct usage, cost: 0s

2020-05-18 01:03:11,813 WARN clearConfigHistory start

2020-05-18 01:09:26,170 WARN clearConfigHistory start

2020-05-18 01:13:11,471 INFO [capacityManagement] start correct usage

2020-05-18 01:13:11,477 INFO [capacityManagement] end correct usage, cost: 0s

2020-05-18 01:13:11,862 WARN clearConfigHistory start

2020-05-18 01:19:26,224 WARN clearConfigHistory start

2020-05-18 01:23:11,500 INFO [capacityManagement] start correct usage

2020-05-18 01:23:11,511 INFO [capacityManagement] end correct usage, cost: 0s

2020-05-18 01:23:11,886 WARN clearConfigHistory start

2020-05-18 01:29:26,248 WARN clearConfigHistory start

2020-05-18 01:33:11,562 INFO [capacityManagement] start correct usage

2020-05-18 01:33:11,567 INFO [capacityManagement] end correct usage, cost: 0s

2020-05-18 01:33:11,943 WARN clearConfigHistory start

2020-05-18 01:39:26,310 WARN clearConfigHistory start

2020-05-18 01:43:11,586 INFO [capacityManagement] start correct usage

2020-05-18 01:43:11,591 INFO [capacityManagement] end correct usage, cost: 0s

2020-05-18 01:43:11,971 WARN clearConfigHistory start

2020-05-18 01:49:26,340 WARN clearConfigHistory start

2020-05-18 01:53:11,639 INFO [capacityManagement] start correct usage

2020-05-18 01:53:11,647 INFO [capacityManagement] end correct usage, cost: 0s

2020-05-18 01:53:12,024 WARN clearConfigHistory start

