2020-05-18 00:03:41,809 INFO PERFORMANCE:|6|6|-1|-1

2020-05-18 00:08:41,854 INFO PERFORMANCE:|7|7|-1|-1

2020-05-18 00:13:41,868 INFO PERFORMANCE:|7|6|-1|-1

2020-05-18 00:18:41,882 INFO PERFORMANCE:|7|6|-1|-1

2020-05-18 00:23:41,898 INFO PERFORMANCE:|7|6|-1|-1

2020-05-18 00:28:41,947 INFO PERFORMANCE:|8|7|-1|-1

2020-05-18 00:29:55,997 INFO PERFORMANCE:|0|0|-1|-1

2020-05-18 00:33:41,962 INFO PERFORMANCE:|8|7|-1|-1

2020-05-18 00:34:56,009 INFO PERFORMANCE:|0|0|-1|-1

2020-05-18 00:38:41,978 INFO PERFORMANCE:|8|8|-1|-1

2020-05-18 00:39:56,023 INFO PERFORMANCE:|0|0|-1|-1

2020-05-18 00:43:41,992 INFO PERFORMANCE:|8|7|-1|-1

2020-05-18 00:44:56,034 INFO PERFORMANCE:|0|0|-1|-1

2020-05-18 00:48:42,007 INFO PERFORMANCE:|8|10|-1|-1

2020-05-18 00:49:56,053 INFO PERFORMANCE:|0|0|-1|-1

2020-05-18 00:53:42,047 INFO PERFORMANCE:|8|10|-1|-1

2020-05-18 00:54:56,086 INFO PERFORMANCE:|0|0|-1|-1

2020-05-18 00:58:42,061 INFO PERFORMANCE:|8|9|-1|-1

2020-05-18 00:59:56,100 INFO PERFORMANCE:|0|0|-1|-1

2020-05-18 01:03:42,071 INFO PERFORMANCE:|8|9|-1|-1

2020-05-18 01:04:56,115 INFO PERFORMANCE:|0|0|-1|-1

2020-05-18 01:08:42,085 INFO PERFORMANCE:|8|10|-1|-1

2020-05-18 01:09:56,129 INFO PERFORMANCE:|0|0|-1|-1

2020-05-18 01:13:42,125 INFO PERFORMANCE:|8|10|-1|-1

2020-05-18 01:14:56,172 INFO PERFORMANCE:|0|0|-1|-1

2020-05-18 01:18:42,135 INFO PERFORMANCE:|8|10|-1|-1

2020-05-18 01:19:56,183 INFO PERFORMANCE:|0|0|-1|-1

2020-05-18 01:23:42,149 INFO PERFORMANCE:|8|9|2|2

2020-05-18 01:24:56,194 INFO PERFORMANCE:|0|0|-1|-1

2020-05-18 01:28:42,161 INFO PERFORMANCE:|8|10|-1|-1

2020-05-18 01:29:56,207 INFO PERFORMANCE:|0|0|-1|-1

2020-05-18 01:33:42,208 INFO PERFORMANCE:|8|9|-1|-1

2020-05-18 01:34:56,248 INFO PERFORMANCE:|0|0|-1|-1

2020-05-18 01:38:42,221 INFO PERFORMANCE:|8|10|-1|-1

2020-05-18 01:39:56,264 INFO PERFORMANCE:|0|0|-1|-1

2020-05-18 01:43:42,231 INFO PERFORMANCE:|8|9|4|4

2020-05-18 01:44:56,278 INFO PERFORMANCE:|0|0|-1|-1

2020-05-18 01:48:42,245 INFO PERFORMANCE:|8|10|-1|-1

2020-05-18 01:49:56,290 INFO PERFORMANCE:|0|0|-1|-1

2020-05-18 01:53:42,284 INFO PERFORMANCE:|8|10|-1|-1

2020-05-18 01:54:56,330 INFO PERFORMANCE:|0|0|-1|-1

