/Library/Java/JavaVirtualMachines/jdk1.8.0_241.jdk/Contents/Home/bin/java  -Xms512m -Xmx512m -Xmn256m -Dnacos.standalone=true -Djava.ext.dirs=/Library/Java/JavaVirtualMachines/jdk1.8.0_241.jdk/Contents/Home/jre/lib/ext:/Library/Java/JavaVirtualMachines/jdk1.8.0_241.jdk/Contents/Home/lib/ext:/Users/matthew/IdeaProjects/SpringCloud-Learning/nacos/plugins/cmdb:/Users/matthew/IdeaProjects/SpringCloud-Learning/nacos/plugins/mysql -Xloggc:/Users/matthew/IdeaProjects/SpringCloud-Learning/nacos/logs/nacos_gc.log -verbose:gc -XX:+PrintGCDetails -XX:+PrintGCDateStamps -XX:+PrintGCTimeStamps -XX:+UseGCLogFileRotation -XX:NumberOfGCLogFiles=10 -XX:GCLogFileSize=100M -Dnacos.home=/Users/matthew/IdeaProjects/SpringCloud-Learning/nacos -Dloader.path=/Users/matthew/IdeaProjects/SpringCloud-Learning/nacos/plugins/health -jar /Users/matthew/IdeaProjects/SpringCloud-Learning/nacos/target/nacos-server.jar  --spring.config.location=classpath:/,classpath:/config/,file:./,file:./config/,file:/Users/matthew/IdeaProjects/SpringCloud-Learning/nacos/conf/ --logging.config=/Users/matthew/IdeaProjects/SpringCloud-Learning/nacos/conf/nacos-logback.xml --server.max-http-header-size=524288

         ,--.
       ,--.'|
   ,--,:  : |                                           Nacos 1.1.4
,`--.'`|  ' :                       ,---.               Running in stand alone mode, All function modules
|   :  :  | |                      '   ,'\   .--.--.    Port: 8848
:   |   \ | :  ,--.--.     ,---.  /   /   | /  /    '   Pid: 52823
|   : '  '; | /       \   /     \.   ; ,. :|  :  /`./   Console: http://192.168.1.2:8848/nacos/index.html
'   ' ;.    ;.--.  .-. | /    / ''   | |: :|  :  ;_
|   | | \   | \__\/: . ..    ' / '   | .; : \  \    `.      https://nacos.io
'   : |  ; .' ," .--.; |'   ; :__|   :    |  `----.   \
|   | '`--'  /  /  ,.  |'   | '.'|\   \  /  /  /`--'  /
'   : |     ;  :   .'   \   :    : `----'  '--'.     /
;   |.'     |  ,     .-./\   \  /            `--'---'
'---'        `--`---'     `----'

2020-05-18 00:29:17,549 INFO Bean 'org.springframework.security.config.annotation.configuration.ObjectPostProcessorConfiguration' of type [org.springframework.security.config.annotation.configuration.ObjectPostProcessorConfiguration$$EnhancerBySpringCGLIB$$8514d306] is not eligible for getting processed by all BeanPostProcessors (for example: not eligible for auto-proxying)

2020-05-18 00:29:17,844 INFO Bean 'objectPostProcessor' of type [org.springframework.security.config.annotation.configuration.AutowireBeanFactoryObjectPostProcessor] is not eligible for getting processed by all BeanPostProcessors (for example: not eligible for auto-proxying)

2020-05-18 00:29:17,852 INFO Bean 'org.springframework.security.access.expression.method.DefaultMethodSecurityExpressionHandler@35841320' of type [org.springframework.security.access.expression.method.DefaultMethodSecurityExpressionHandler] is not eligible for getting processed by all BeanPostProcessors (for example: not eligible for auto-proxying)

2020-05-18 00:29:17,859 INFO Bean 'org.springframework.security.config.annotation.method.configuration.GlobalMethodSecurityConfiguration' of type [org.springframework.security.config.annotation.method.configuration.GlobalMethodSecurityConfiguration$$EnhancerBySpringCGLIB$$a9e975b8] is not eligible for getting processed by all BeanPostProcessors (for example: not eligible for auto-proxying)

2020-05-18 00:29:17,878 INFO Bean 'methodSecurityMetadataSource' of type [org.springframework.security.access.method.DelegatingMethodSecurityMetadataSource] is not eligible for getting processed by all BeanPostProcessors (for example: not eligible for auto-proxying)

2020-05-18 00:29:20,123 INFO Tomcat initialized with port(s): 8848 (http)

2020-05-18 00:29:20,599 INFO Root WebApplicationContext: initialization completed in 9101 ms

2020-05-18 00:29:26,726 INFO Initializing ExecutorService 'applicationTaskExecutor'

2020-05-18 00:29:27,113 INFO Adding welcome page: class path resource [static/index.html]

2020-05-18 00:29:27,882 INFO Creating filter chain: Ant [pattern='/'], []

2020-05-18 00:29:27,883 INFO Creating filter chain: Ant [pattern='/**/*.css'], []

2020-05-18 00:29:27,883 INFO Creating filter chain: Ant [pattern='/**/*.js'], []

2020-05-18 00:29:27,883 INFO Creating filter chain: Ant [pattern='/**/*.html'], []

2020-05-18 00:29:27,883 INFO Creating filter chain: Ant [pattern='/**/*.map'], []

2020-05-18 00:29:27,883 INFO Creating filter chain: Ant [pattern='/**/*.svg'], []

2020-05-18 00:29:27,883 INFO Creating filter chain: Ant [pattern='/**/*.png'], []

2020-05-18 00:29:27,883 INFO Creating filter chain: Ant [pattern='/**/*.ico'], []

2020-05-18 00:29:27,884 INFO Creating filter chain: Ant [pattern='/console-fe/public/**'], []

2020-05-18 00:29:27,884 INFO Creating filter chain: Ant [pattern='/v1/auth/login'], []

2020-05-18 00:29:27,884 INFO Creating filter chain: Ant [pattern='/v1/console/health/**'], []

2020-05-18 00:29:27,884 INFO Creating filter chain: Ant [pattern='/v1/cs/**'], []

2020-05-18 00:29:27,884 INFO Creating filter chain: Ant [pattern='/v1/ns/**'], []

2020-05-18 00:29:27,885 INFO Creating filter chain: Ant [pattern='/v1/cmdb/**'], []

2020-05-18 00:29:27,885 INFO Creating filter chain: Ant [pattern='/actuator/**'], []

2020-05-18 00:29:27,885 INFO Creating filter chain: Ant [pattern='/v1/console/server/**'], []

2020-05-18 00:29:27,950 INFO Creating filter chain: any request, [org.springframework.security.web.context.request.async.WebAsyncManagerIntegrationFilter@57ac5227, org.springframework.security.web.context.SecurityContextPersistenceFilter@14d14731, org.springframework.security.web.header.HeaderWriterFilter@5a85c92, org.springframework.security.web.authentication.logout.LogoutFilter@3f07b12c, com.alibaba.nacos.console.filter.JwtAuthenticationTokenFilter@4ba302e0, org.springframework.security.web.savedrequest.RequestCacheAwareFilter@47c4ecdc, org.springframework.security.web.servletapi.SecurityContextHolderAwareRequestFilter@4b7e96a, org.springframework.security.web.authentication.AnonymousAuthenticationFilter@e98770d, org.springframework.security.web.session.SessionManagementFilter@4795ded0, org.springframework.security.web.access.ExceptionTranslationFilter@32c8e539, org.springframework.security.web.access.intercept.FilterSecurityInterceptor@33aeca0b]

2020-05-18 00:29:28,125 INFO Exposing 2 endpoint(s) beneath base path '/actuator'

2020-05-18 00:29:28,182 INFO Initializing ExecutorService 'taskScheduler'

2020-05-18 00:29:28,305 ERROR Failed to start component [Connector[HTTP/1.1-8848]]

org.apache.catalina.LifecycleException: Protocol handler start failed
	at org.apache.catalina.connector.Connector.startInternal(Connector.java:1001)
	at org.apache.catalina.util.LifecycleBase.start(LifecycleBase.java:183)
	at org.apache.catalina.core.StandardService.addConnector(StandardService.java:225)
	at org.springframework.boot.web.embedded.tomcat.TomcatWebServer.addPreviouslyRemovedConnectors(TomcatWebServer.java:259)
	at org.springframework.boot.web.embedded.tomcat.TomcatWebServer.start(TomcatWebServer.java:197)
	at org.springframework.boot.web.servlet.context.ServletWebServerApplicationContext.startWebServer(ServletWebServerApplicationContext.java:311)
	at org.springframework.boot.web.servlet.context.ServletWebServerApplicationContext.finishRefresh(ServletWebServerApplicationContext.java:164)
	at org.springframework.context.support.AbstractApplicationContext.refresh(AbstractApplicationContext.java:549)
	at org.springframework.boot.web.servlet.context.ServletWebServerApplicationContext.refresh(ServletWebServerApplicationContext.java:142)
	at org.springframework.boot.SpringApplication.refresh(SpringApplication.java:775)
	at org.springframework.boot.SpringApplication.refreshContext(SpringApplication.java:397)
	at org.springframework.boot.SpringApplication.run(SpringApplication.java:316)
	at org.springframework.boot.SpringApplication.run(SpringApplication.java:1260)
	at org.springframework.boot.SpringApplication.run(SpringApplication.java:1248)
	at com.alibaba.nacos.Nacos.main(Nacos.java:33)
	at sun.reflect.NativeMethodAccessorImpl.invoke0(Native Method)
	at sun.reflect.NativeMethodAccessorImpl.invoke(NativeMethodAccessorImpl.java:62)
	at sun.reflect.DelegatingMethodAccessorImpl.invoke(DelegatingMethodAccessorImpl.java:43)
	at java.lang.reflect.Method.invoke(Method.java:498)
	at org.springframework.boot.loader.MainMethodRunner.run(MainMethodRunner.java:48)
	at org.springframework.boot.loader.Launcher.launch(Launcher.java:87)
	at org.springframework.boot.loader.Launcher.launch(Launcher.java:50)
	at org.springframework.boot.loader.PropertiesLauncher.main(PropertiesLauncher.java:593)
Caused by: java.net.BindException: Address already in use
	at sun.nio.ch.Net.bind0(Native Method)
	at sun.nio.ch.Net.bind(Net.java:433)
	at sun.nio.ch.Net.bind(Net.java:425)
	at sun.nio.ch.ServerSocketChannelImpl.bind(ServerSocketChannelImpl.java:223)
	at sun.nio.ch.ServerSocketAdaptor.bind(ServerSocketAdaptor.java:74)
	at org.apache.tomcat.util.net.NioEndpoint.initServerSocket(NioEndpoint.java:236)
	at org.apache.tomcat.util.net.NioEndpoint.bind(NioEndpoint.java:210)
	at org.apache.tomcat.util.net.AbstractEndpoint.bindWithCleanup(AbstractEndpoint.java:1067)
	at org.apache.tomcat.util.net.AbstractEndpoint.start(AbstractEndpoint.java:1149)
	at org.apache.coyote.AbstractProtocol.start(AbstractProtocol.java:561)
	at org.apache.catalina.connector.Connector.startInternal(Connector.java:998)
	... 22 common frames omitted
2020-05-18 00:29:28,369 INFO Nacos Log files: /Users/matthew/IdeaProjects/SpringCloud-Learning/nacos/logs/

2020-05-18 00:29:28,369 INFO Nacos Conf files: /Users/matthew/IdeaProjects/SpringCloud-Learning/nacos/conf/

2020-05-18 00:29:28,370 INFO Nacos Data files: /Users/matthew/IdeaProjects/SpringCloud-Learning/nacos/data/

2020-05-18 00:29:28,370 ERROR Nacos failed to start, please see /Users/matthew/IdeaProjects/SpringCloud-Learning/nacos/logs/nacos.log for more details.

2020-05-18 00:29:28,371 INFO 

Error starting ApplicationContext. To display the conditions report re-run your application with 'debug' enabled.

2020-05-18 00:29:28,375 ERROR 

***************************
APPLICATION FAILED TO START
***************************

Description:

The Tomcat connector configured to listen on port 8848 failed to start. The port may already be in use or the connector may be misconfigured.

Action:

Verify the connector's configuration, identify and stop any process that's listening on port 8848, or configure this application to listen on another port.


2020-05-18 00:29:28,381 INFO Shutting down ExecutorService 'taskScheduler'

2020-05-18 00:29:28,385 INFO Shutting down ExecutorService 'applicationTaskExecutor'

